D:\VS2017WORKSPACE\CONSOLEAPPLICATION5\PROJECT1\DEBUG\PWHTEST.OBJ
D:\VS2017WORKSPACE\CONSOLEAPPLICATION5\PROJECT1\DEBUG\VC110.PDB
D:\VS2017WORKSPACE\CONSOLEAPPLICATION5\DEBUG\PROJECT1.ILK
D:\VS2017WORKSPACE\CONSOLEAPPLICATION5\DEBUG\PROJECT1.EXE
D:\VS2017WORKSPACE\CONSOLEAPPLICATION5\DEBUG\PROJECT1.PDB
D:\VS2017WorkSpace\ConsoleApplication5\Project1\Debug\pwhTest.obj
D:\VS2017WorkSpace\ConsoleApplication5\Project1\Debug\cl.command.1.tlog
D:\VS2017WorkSpace\ConsoleApplication5\Project1\Debug\CL.read.1.tlog
D:\VS2017WorkSpace\ConsoleApplication5\Project1\Debug\CL.write.1.tlog
D:\VS2017WorkSpace\ConsoleApplication5\Project1\Debug\link-cvtres.read.1.tlog
D:\VS2017WorkSpace\ConsoleApplication5\Project1\Debug\link-cvtres.write.1.tlog
D:\VS2017WorkSpace\ConsoleApplication5\Project1\Debug\link-rc.read.1.tlog
D:\VS2017WorkSpace\ConsoleApplication5\Project1\Debug\link-rc.write.1.tlog
D:\VS2017WorkSpace\ConsoleApplication5\Project1\Debug\link.command.1.tlog
D:\VS2017WorkSpace\ConsoleApplication5\Project1\Debug\link.read.1.tlog
D:\VS2017WorkSpace\ConsoleApplication5\Project1\Debug\link.write.1.tlog
D:\VS2017WorkSpace\ConsoleApplication5\Project1\Debug\vc110.idb
D:\VS2017WorkSpace\ConsoleApplication5\Project1\Debug\vc110.pdb
D:\VS2017WorkSpace\ConsoleApplication5\Debug\Project1.pdb
D:\VS2017WorkSpace\ConsoleApplication5\Debug\Project1.exe
D:\VS2017WorkSpace\ConsoleApplication5\Debug\Project1.ilk
